<?xml version="1.0" encoding="UTF-8"?>
<testng-results ignored="0" total="1" passed="1" failed="0" skipped="0">
  <reporter-output>
  </reporter-output>
  <suite started-at="2025-08-12T16:08:59 IST" name="amazonTestSuite" finished-at="2025-08-12T16:09:09 IST" duration-ms="9904">
    <groups>
    </groups>
    <test started-at="2025-08-12T16:08:59 IST" name="Test" finished-at="2025-08-12T16:09:09 IST" duration-ms="9904">
      <class name="com.testcases.LaunchURL">
        <test-method is-config="true" signature="setup()[pri:0, instance:com.testcases.LaunchURL@4722ef0c]" started-at="2025-08-12T16:08:59 IST" name="setup" finished-at="2025-08-12T16:09:08 IST" duration-ms="8607" status="PASS">
          <reporter-output>
          </reporter-output>
        </test-method> <!-- setup -->
        <test-method signature="openURL()[pri:0, instance:com.testcases.LaunchURL@4722ef0c]" started-at="2025-08-12T16:09:08 IST" name="openURL" description="to open the URL and get the title" finished-at="2025-08-12T16:09:08 IST" duration-ms="794" status="PASS">
          <reporter-output>
          </reporter-output>
        </test-method> <!-- openURL -->
        <test-method is-config="true" signature="tearDown()[pri:0, instance:com.testcases.LaunchURL@4722ef0c]" started-at="2025-08-12T16:09:08 IST" name="tearDown" finished-at="2025-08-12T16:09:09 IST" duration-ms="451" status="PASS">
          <reporter-output>
          </reporter-output>
        </test-method> <!-- tearDown -->
      </class> <!-- com.testcases.LaunchURL -->
      <class name="com.BaseClass.Amazon_BaseClass">
        <test-method is-config="true" signature="load()[pri:0, instance:com.BaseClass.Amazon_BaseClass@2a8448fa]" started-at="2025-08-12T16:08:59 IST" name="load" finished-at="2025-08-12T16:08:59 IST" duration-ms="17" status="PASS">
          <reporter-output>
          </reporter-output>
        </test-method> <!-- load -->
      </class> <!-- com.BaseClass.Amazon_BaseClass -->
    </test> <!-- Test -->
  </suite> <!-- amazonTestSuite -->
</testng-results>
