<?xml version="1.0" encoding="UTF-8"?>
<testng-results ignored="0" total="5" passed="5" failed="0" skipped="0">
  <reporter-output>
  </reporter-output>
  <suite started-at="2025-08-29T20:08:34 IST" name="amazonTestSuite" finished-at="2025-08-29T20:09:11 IST" duration-ms="37212">
    <groups>
    </groups>
    <test started-at="2025-08-29T20:08:34 IST" name="Test" finished-at="2025-08-29T20:09:11 IST" duration-ms="37212">
      <class name="com.testcases.LaunchURL">
        <test-method is-config="true" signature="load()[pri:0, instance:com.testcases.LaunchURL@338fc1d8]" started-at="2025-08-29T20:08:34 IST" name="load" finished-at="2025-08-29T20:08:34 IST" duration-ms="14" status="PASS">
          <reporter-output>
          </reporter-output>
        </test-method> <!-- load -->
        <test-method is-config="true" signature="setup()[pri:0, instance:com.testcases.LaunchURL@338fc1d8]" started-at="2025-08-29T20:08:34 IST" name="setup" finished-at="2025-08-29T20:08:38 IST" duration-ms="3884" status="PASS">
          <reporter-output>
          </reporter-output>
        </test-method> <!-- setup -->
        <test-method signature="openURL()[pri:1, instance:com.testcases.LaunchURL@338fc1d8]" started-at="2025-08-29T20:08:38 IST" name="openURL" description="to open the URL and get the title" finished-at="2025-08-29T20:08:38 IST" duration-ms="66" status="PASS">
          <reporter-output>
          </reporter-output>
        </test-method> <!-- openURL -->
        <test-method is-config="true" signature="tearDown()[pri:0, instance:com.testcases.LaunchURL@338fc1d8]" started-at="2025-08-29T20:08:38 IST" name="tearDown" finished-at="2025-08-29T20:08:38 IST" duration-ms="180" status="PASS">
          <reporter-output>
          </reporter-output>
        </test-method> <!-- tearDown -->
      </class> <!-- com.testcases.LaunchURL -->
      <class name="com.testcases.Test_Login">
        <test-method is-config="true" signature="setup()[pri:0, instance:com.testcases.Test_Login@26abb146]" started-at="2025-08-29T20:08:55 IST" name="setup" finished-at="2025-08-29T20:08:58 IST" duration-ms="2721" status="PASS">
          <reporter-output>
          </reporter-output>
        </test-method> <!-- setup -->
        <test-method signature="Login_to_Amazon()[pri:5, instance:com.testcases.Test_Login@26abb146]" started-at="2025-08-29T20:08:58 IST" name="Login_to_Amazon" description="to test the login fucn with valid user and pass" finished-at="2025-08-29T20:09:04 IST" duration-ms="5582" status="PASS">
          <reporter-output>
          </reporter-output>
        </test-method> <!-- Login_to_Amazon -->
        <test-method is-config="true" signature="tearDown()[pri:0, instance:com.testcases.Test_Login@26abb146]" started-at="2025-08-29T20:09:04 IST" name="tearDown" finished-at="2025-08-29T20:09:04 IST" duration-ms="182" status="PASS">
          <reporter-output>
          </reporter-output>
        </test-method> <!-- tearDown -->
      </class> <!-- com.testcases.Test_Login -->
      <class name="com.testcases.Test_Suggestion">
        <test-method is-config="true" signature="setup()[pri:0, instance:com.testcases.Test_Suggestion@72c8e7b]" started-at="2025-08-29T20:09:04 IST" name="setup" finished-at="2025-08-29T20:09:07 IST" duration-ms="3337" status="PASS">
          <reporter-output>
          </reporter-output>
        </test-method> <!-- setup -->
        <test-method signature="ValidateSuggestion()[pri:4, instance:com.testcases.Test_Suggestion@72c8e7b]" started-at="2025-08-29T20:09:07 IST" name="ValidateSuggestion" description="tO Verify the suggestions under search fields" finished-at="2025-08-29T20:09:11 IST" duration-ms="3404" status="PASS">
          <reporter-output>
          </reporter-output>
        </test-method> <!-- ValidateSuggestion -->
        <test-method is-config="true" signature="tearDown()[pri:0, instance:com.testcases.Test_Suggestion@72c8e7b]" started-at="2025-08-29T20:09:11 IST" name="tearDown" finished-at="2025-08-29T20:09:11 IST" duration-ms="208" status="PASS">
          <reporter-output>
          </reporter-output>
        </test-method> <!-- tearDown -->
      </class> <!-- com.testcases.Test_Suggestion -->
      <class name="com.testcases.Test_Search">
        <test-method is-config="true" signature="setup()[pri:0, instance:com.testcases.Test_Search@194fad1]" started-at="2025-08-29T20:08:41 IST" name="setup" finished-at="2025-08-29T20:08:44 IST" duration-ms="3166" status="PASS">
          <reporter-output>
          </reporter-output>
        </test-method> <!-- setup -->
        <test-method signature="SearchBar()[pri:3, instance:com.testcases.Test_Search@194fad1]" started-at="2025-08-29T20:08:44 IST" name="SearchBar" description="to test the search functionality by enter mobile" finished-at="2025-08-29T20:08:55 IST" duration-ms="10800" status="PASS">
          <reporter-output>
          </reporter-output>
        </test-method> <!-- SearchBar -->
        <test-method is-config="true" signature="tearDown()[pri:0, instance:com.testcases.Test_Search@194fad1]" started-at="2025-08-29T20:08:55 IST" name="tearDown" finished-at="2025-08-29T20:08:55 IST" duration-ms="239" status="PASS">
          <reporter-output>
          </reporter-output>
        </test-method> <!-- tearDown -->
      </class> <!-- com.testcases.Test_Search -->
      <class name="com.testcases.Test_HomePage">
        <test-method is-config="true" signature="setup()[pri:0, instance:com.testcases.Test_HomePage@f1da57d]" started-at="2025-08-29T20:08:38 IST" name="setup" finished-at="2025-08-29T20:08:41 IST" duration-ms="3013" status="PASS">
          <reporter-output>
          </reporter-output>
        </test-method> <!-- setup -->
        <test-method signature="Validate_UI()[pri:2, instance:com.testcases.Test_HomePage@f1da57d]" started-at="2025-08-29T20:08:41 IST" name="Validate_UI" description="to verify the UI on homePage" finished-at="2025-08-29T20:08:41 IST" duration-ms="205" status="PASS">
          <reporter-output>
          </reporter-output>
        </test-method> <!-- Validate_UI -->
        <test-method is-config="true" signature="tearDown()[pri:0, instance:com.testcases.Test_HomePage@f1da57d]" started-at="2025-08-29T20:08:41 IST" name="tearDown" finished-at="2025-08-29T20:08:41 IST" duration-ms="173" status="PASS">
          <reporter-output>
          </reporter-output>
        </test-method> <!-- tearDown -->
      </class> <!-- com.testcases.Test_HomePage -->
    </test> <!-- Test -->
  </suite> <!-- amazonTestSuite -->
</testng-results>
