<?xml version="1.0" encoding="UTF-8"?>
<!-- Generated by org.testng.reporters.JUnitXMLReporter -->
<testsuite ignored="4" hostname="VISHESH-KUMAR" failures="0" tests="5" name="Test" time="37.212" errors="0" timestamp="2025-08-29T20:09:11 IST">
  <testcase classname="com.testcases.LaunchURL" name="openURL" time="0.066"/>
  <testcase classname="com.testcases.Test_HomePage" name="Validate_UI" time="0.205"/>
  <testcase classname="com.testcases.Test_Search" name="SearchBar" time="10.8"/>
  <testcase classname="com.testcases.Test_Login" name="Login_to_Amazon" time="5.582"/>
  <testcase classname="com.testcases.Test_Suggestion" name="ValidateSuggestion" time="3.404"/>
  <testcase classname="com.BaseClass.Amazon_BaseClass" name="@BeforeSuite load" time="0.0">
    <ignored/>
  </testcase> <!-- @BeforeSuite load -->
  <testcase classname="com.BaseClass.Amazon_BaseClass" name="@BeforeSuite load" time="0.0">
    <ignored/>
  </testcase> <!-- @BeforeSuite load -->
  <testcase classname="com.BaseClass.Amazon_BaseClass" name="@BeforeSuite load" time="0.0">
    <ignored/>
  </testcase> <!-- @BeforeSuite load -->
  <testcase classname="com.BaseClass.Amazon_BaseClass" name="@BeforeSuite load" time="0.0">
    <ignored/>
  </testcase> <!-- @BeforeSuite load -->
</testsuite> <!-- Test -->
