<?xml version="1.0" encoding="UTF-8"?>
<!-- Generated by org.testng.reporters.JUnitXMLReporter -->
<testsuite ignored="2" hostname="VISHESH-KUMAR" failures="0" tests="3" name="Test" time="18.038" errors="0" timestamp="2025-08-13T20:41:15 IST">
  <testcase classname="com.testcases.LaunchURL" name="openURL" time="0.114"/>
  <testcase classname="com.testcases.TypeSearch" name="SearchBar" time="0.585"/>
  <testcase classname="com.testcases.Login" name="Login_to_Amazon" time="6.11"/>
  <testcase classname="com.BaseClass.Amazon_BaseClass" name="@BeforeSuite load" time="0.0">
    <ignored/>
  </testcase> <!-- @BeforeSuite load -->
  <testcase classname="com.BaseClass.Amazon_BaseClass" name="@BeforeSuite load" time="0.0">
    <ignored/>
  </testcase> <!-- @BeforeSuite load -->
</testsuite> <!-- Test -->
